0 info it worked if it ends with ok
1 verbose cli [ '/usr/local/bin/node', '/usr/local/bin/npm', 'i' ]
2 info using npm@1.4.28
3 info using node@v0.10.32
4 warn package.json nginx-config-service@0.0.0 No repository field.
5 warn package.json nginx-config-service@0.0.0 No README data
6 verbose readDependencies using package.json deps
7 verbose install where, deps [ '/tmp/nginx_config', [ 'node-etcd', 'handlebars', 'lodash' ] ]
8 info preinstall nginx-config-service@0.0.0
9 verbose readDependencies using package.json deps
10 verbose cache add [ 'handlebars@=2.0.0', null ]
11 verbose cache add name=undefined spec="handlebars@=2.0.0" args=["handlebars@=2.0.0",null]
12 verbose parsed url { protocol: null,
12 verbose parsed url   slashes: null,
12 verbose parsed url   auth: null,
12 verbose parsed url   host: null,
12 verbose parsed url   port: null,
12 verbose parsed url   hostname: null,
12 verbose parsed url   hash: null,
12 verbose parsed url   search: null,
12 verbose parsed url   query: null,
12 verbose parsed url   pathname: 'handlebars@=2.0.0',
12 verbose parsed url   path: 'handlebars@=2.0.0',
12 verbose parsed url   href: 'handlebars@=2.0.0' }
13 verbose cache add [ 'lodash@=2.4.1', null ]
14 verbose cache add name=undefined spec="lodash@=2.4.1" args=["lodash@=2.4.1",null]
15 verbose parsed url { protocol: null,
15 verbose parsed url   slashes: null,
15 verbose parsed url   auth: null,
15 verbose parsed url   host: null,
15 verbose parsed url   port: null,
15 verbose parsed url   hostname: null,
15 verbose parsed url   hash: null,
15 verbose parsed url   search: null,
15 verbose parsed url   query: null,
15 verbose parsed url   pathname: 'lodash@=2.4.1',
15 verbose parsed url   path: 'lodash@=2.4.1',
15 verbose parsed url   href: 'lodash@=2.4.1' }
16 verbose cache add [ 'node-etcd@=2.1.5', null ]
17 verbose cache add name=undefined spec="node-etcd@=2.1.5" args=["node-etcd@=2.1.5",null]
18 verbose parsed url { protocol: null,
18 verbose parsed url   slashes: null,
18 verbose parsed url   auth: null,
18 verbose parsed url   host: null,
18 verbose parsed url   port: null,
18 verbose parsed url   hostname: null,
18 verbose parsed url   hash: null,
18 verbose parsed url   search: null,
18 verbose parsed url   query: null,
18 verbose parsed url   pathname: 'node-etcd@=2.1.5',
18 verbose parsed url   path: 'node-etcd@=2.1.5',
18 verbose parsed url   href: 'node-etcd@=2.1.5' }
19 verbose cache add name="handlebars" spec="=2.0.0" args=["handlebars","=2.0.0"]
20 verbose parsed url { protocol: null,
20 verbose parsed url   slashes: null,
20 verbose parsed url   auth: null,
20 verbose parsed url   host: null,
20 verbose parsed url   port: null,
20 verbose parsed url   hostname: null,
20 verbose parsed url   hash: null,
20 verbose parsed url   search: null,
20 verbose parsed url   query: null,
20 verbose parsed url   pathname: '=2.0.0',
20 verbose parsed url   path: '=2.0.0',
20 verbose parsed url   href: '=2.0.0' }
21 verbose addNamed [ 'handlebars', '=2.0.0' ]
22 verbose addNamed [ null, '=2.0.0' ]
23 verbose cache add name="lodash" spec="=2.4.1" args=["lodash","=2.4.1"]
24 verbose parsed url { protocol: null,
24 verbose parsed url   slashes: null,
24 verbose parsed url   auth: null,
24 verbose parsed url   host: null,
24 verbose parsed url   port: null,
24 verbose parsed url   hostname: null,
24 verbose parsed url   hash: null,
24 verbose parsed url   search: null,
24 verbose parsed url   query: null,
24 verbose parsed url   pathname: '=2.4.1',
24 verbose parsed url   path: '=2.4.1',
24 verbose parsed url   href: '=2.4.1' }
25 verbose addNamed [ 'lodash', '=2.4.1' ]
26 verbose addNamed [ null, '=2.4.1' ]
27 verbose cache add name="node-etcd" spec="=2.1.5" args=["node-etcd","=2.1.5"]
28 verbose parsed url { protocol: null,
28 verbose parsed url   slashes: null,
28 verbose parsed url   auth: null,
28 verbose parsed url   host: null,
28 verbose parsed url   port: null,
28 verbose parsed url   hostname: null,
28 verbose parsed url   hash: null,
28 verbose parsed url   search: null,
28 verbose parsed url   query: null,
28 verbose parsed url   pathname: '=2.1.5',
28 verbose parsed url   path: '=2.1.5',
28 verbose parsed url   href: '=2.1.5' }
29 verbose addNamed [ 'node-etcd', '=2.1.5' ]
30 verbose addNamed [ null, '=2.1.5' ]
31 silly makeCacheDir cache dir uid, gid [ 0, 0 ]
32 silly lockFile 5ab6dba3-handlebars-2-0-0 handlebars@=2.0.0
33 verbose lock handlebars@=2.0.0 /root/.npm/5ab6dba3-handlebars-2-0-0.lock
34 silly lockFile e5075068-lodash-2-4-1 lodash@=2.4.1
35 verbose lock lodash@=2.4.1 /root/.npm/e5075068-lodash-2-4-1.lock
36 silly lockFile 9890de22-node-etcd-2-1-5 node-etcd@=2.1.5
37 verbose lock node-etcd@=2.1.5 /root/.npm/9890de22-node-etcd-2-1-5.lock
38 verbose request where is /handlebars
39 verbose request registry https://registry.npmjs.org/
40 verbose request id 88a5b61bcbdc7e9f
41 verbose url raw /handlebars
42 verbose url resolving [ 'https://registry.npmjs.org/', './handlebars' ]
43 verbose url resolved https://registry.npmjs.org/handlebars
44 verbose request where is https://registry.npmjs.org/handlebars
45 info trying registry request attempt 1 at 14:31:08
46 http GET https://registry.npmjs.org/handlebars
47 verbose request where is /lodash
48 verbose request registry https://registry.npmjs.org/
49 verbose url raw /lodash
50 verbose url resolving [ 'https://registry.npmjs.org/', './lodash' ]
51 verbose url resolved https://registry.npmjs.org/lodash
52 verbose request where is https://registry.npmjs.org/lodash
53 info trying registry request attempt 1 at 14:31:08
54 http GET https://registry.npmjs.org/lodash
55 verbose request where is /node-etcd
56 verbose request registry https://registry.npmjs.org/
57 verbose url raw /node-etcd
58 verbose url resolving [ 'https://registry.npmjs.org/', './node-etcd' ]
59 verbose url resolved https://registry.npmjs.org/node-etcd
60 verbose request where is https://registry.npmjs.org/node-etcd
61 info trying registry request attempt 1 at 14:31:08
62 http GET https://registry.npmjs.org/node-etcd
63 info retry will retry, error on last attempt: Error: getaddrinfo ENOTFOUND
64 info retry will retry, error on last attempt: Error: getaddrinfo ENOTFOUND
65 info retry will retry, error on last attempt: Error: getaddrinfo ENOTFOUND
66 info trying registry request attempt 2 at 14:31:18
67 http GET https://registry.npmjs.org/handlebars
68 info trying registry request attempt 2 at 14:31:18
69 http GET https://registry.npmjs.org/lodash
70 info trying registry request attempt 2 at 14:31:18
71 http GET https://registry.npmjs.org/node-etcd
72 info retry will retry, error on last attempt: Error: getaddrinfo ENOTFOUND
73 info retry will retry, error on last attempt: Error: getaddrinfo ENOTFOUND
74 info retry will retry, error on last attempt: Error: getaddrinfo ENOTFOUND
75 info trying registry request attempt 3 at 14:32:19
76 http GET https://registry.npmjs.org/handlebars
77 info trying registry request attempt 3 at 14:32:19
78 http GET https://registry.npmjs.org/lodash
79 info trying registry request attempt 3 at 14:32:19
80 http GET https://registry.npmjs.org/node-etcd
81 silly lockFile 5ab6dba3-handlebars-2-0-0 handlebars@=2.0.0
82 silly lockFile 5ab6dba3-handlebars-2-0-0 handlebars@=2.0.0
83 silly lockFile e5075068-lodash-2-4-1 lodash@=2.4.1
84 silly lockFile e5075068-lodash-2-4-1 lodash@=2.4.1
85 silly lockFile 9890de22-node-etcd-2-1-5 node-etcd@=2.1.5
86 silly lockFile 9890de22-node-etcd-2-1-5 node-etcd@=2.1.5
87 error network getaddrinfo ENOTFOUND
87 error network This is most likely not a problem with npm itself
87 error network and is related to network connectivity.
87 error network In most cases you are behind a proxy or have bad network settings.
87 error network
87 error network If you are behind a proxy, please make sure that the
87 error network 'proxy' config is set properly.  See: 'npm help config'
88 error System Linux 3.16.2+
89 error command "/usr/local/bin/node" "/usr/local/bin/npm" "i"
90 error cwd /tmp/nginx_config
91 error node -v v0.10.32
92 error npm -v 1.4.28
93 error syscall getaddrinfo
94 error code ENOTFOUND
95 error errno ENOTFOUND
96 verbose exit [ 1, true ]
